[33m[01m[05m[ You are changing the branch: lab0 ][0m
Autotest: Begin at Thu Mar 10 12:33:42 CST 2022
[33m[01m[ (1)Start to test exercise0.1(4) ][0m
[32m[ You have passed exercise0.1(4) ][0m
[33m[01m[ (2)Start to test exercise0.1(3) ][0m
[32m[ You have passed bash exercise0.1(3) 1/2 ][0m
[32m[ You have passed bash exercise0.1(3) 2/2 ][0m
[33m[01m[ (3)Start to test exercise0.1(2) ][0m
gcc palindrome.c -o palindrome
[32m[ palindrome found. You have passed exercise0.1(2). ][0m
[33m[01m[ (4)Start to test exercise0.1(1) ][0m
[32m[ You have passed palindrome exercise0.1(1) 1/3 ][0m
[32m[ You have passed palindrome exercise0.1(1) 2/3 ][0m
[32m[ You have passed palindrome exercise0.1(1) 3/3 ][0m
[33m[01m[ (5)Start to test exercise0.2 ][0m
[32m[ File1~40 all exist.You have passed bash exercise0.2 1/3 ][0m
[32m[ Newfile41~70 all exist.You have passed bash exercise0.2 2/3 ][0m
[32m[ File41~100 don't exist.You have passed bash exercise0.2 3/3 ][0m
[33m[01m[ (6)Start to test exercise0.3 ][0m
[32m[ You have passed bash exercise0.3 1/2 ][0m
[32m[ You have passed bash exercise0.3 2/2 ][0m
[33m[01m[ (7)Start to test exercise0.4(1) ][0m
[32m[ You have passed bash exercise0.4(1) 1/2 ][0m
[32m[ You have passed bash exercise0.4(1) 2/2 ][0m
[33m[01m[ (8)Start to test exercise0.4(2) ][0m
[32m[ Makefile found. ][0m
cd code && make
make[1]: Entering directory '/usr/src/workdir/code'
make main.o
make[2]: Entering directory '/usr/src/workdir/code'
gcc -c -o main.o main.c -I../include
make[2]: Leaving directory '/usr/src/workdir/code'
make fibo.o
make[2]: Entering directory '/usr/src/workdir/code'
gcc -c -o fibo.o fibo.c -I../include
make[2]: Leaving directory '/usr/src/workdir/code'
make[1]: Leaving directory '/usr/src/workdir/code'
gcc -o fibo code/fibo.o code/main.o
[32m[ fibo found. ][0m
[32m[ You have passed fibo testcase 1/2 ][0m
[32m[ You have passed fibo testcase 2/2 ][0m
[32m[ find your fibo.o ][0m
[32m[ find your main.o ][0m
cd code && make clean
make[1]: Entering directory '/usr/src/workdir/code'
rm -f *.o
make[1]: Leaving directory '/usr/src/workdir/code'
[32m[ make clean can delete fibo.o ][0m
[32m[ make clean can delete main.o ][0m
[32m[ find your fibo after make clean！ ][0m
[33m[01m[ You got 100 (of 100) this time. Thu Mar 10 12:33:55 CST 2022 ][0m
Autotest: End at Thu Mar 10 12:33:55 CST 2022
